# JRE version: Java(TM) SE Runtime Environment (8.0_91-b14) (build 1.8.0_91-b14)
# Java VM: Java HotSpot(TM) 64-Bit Server VM (25.91-b14 mixed mode linux-amd64 compressed oops)
Heap:
 PSYoungGen      total 25088K, used 2952K [0x00000000f1b80000, 0x00000000f5380000, 0x0000000100000000)
  eden space 23552K, 6% used [0x00000000f1b80000,0x00000000f1ce63b0,0x00000000f3280000)
  from space 1536K, 98% used [0x00000000f3280000,0x00000000f33fc010,0x00000000f3400000)
  to   space 5120K, 0% used [0x00000000f4e80000,0x00000000f4e80000,0x00000000f5380000)
 ParOldGen       total 30208K, used 7521K [0x00000000d5200000, 0x00000000d6f80000, 0x00000000f1b80000)
  object space 30208K, 24% used [0x00000000d5200000,0x00000000d59584a0,0x00000000d6f80000)
 Metaspace       used 15008K, capacity 15136K, committed 15232K, reserved 1062912K
  class space    used 1868K, capacity 1912K, committed 1920K, reserved 1048576K
GC Heap History (10 events):
Event: 1.668 GC heap before
{Heap before GC invocations=1 (full 0):
 PSYoungGen      total 13312K, used 11776K [0x00000000f1b80000, 0x00000000f2a00000, 0x0000000100000000)
  eden space 11776K, 100% used [0x00000000f1b80000,0x00000000f2700000,0x00000000f2700000)
  from space 1536K, 0% used [0x00000000f2880000,0x00000000f2880000,0x00000000f2a00000)
  to   space 1536K, 0% used [0x00000000f2700000,0x00000000f2700000,0x00000000f2880000)
 ParOldGen       total 30208K, used 0K [0x00000000d5200000, 0x00000000d6f80000, 0x00000000f1b80000)
  object space 30208K, 0% used [0x00000000d5200000,0x00000000d5200000,0x00000000d6f80000)
 Metaspace       used 6900K, capacity 6992K, committed 7040K, reserved 1056768K
  class space    used 838K, capacity 880K, committed 896K, reserved 1048576K
Event: 1.680 GC heap after
Heap after GC invocations=1 (full 0):
 PSYoungGen      total 13312K, used 1531K [0x00000000f1b80000, 0x00000000f2a00000, 0x0000000100000000)
  eden space 11776K, 0% used [0x00000000f1b80000,0x00000000f1b80000,0x00000000f2700000)
  from space 1536K, 99% used [0x00000000f2700000,0x00000000f287ef68,0x00000000f2880000)
  to   space 1536K, 0% used [0x00000000f2880000,0x00000000f2880000,0x00000000f2a00000)
 ParOldGen       total 30208K, used 900K [0x00000000d5200000, 0x00000000d6f80000, 0x00000000f1b80000)
  object space 30208K, 2% used [0x00000000d5200000,0x00000000d52e1370,0x00000000d6f80000)
 Metaspace       used 6900K, capacity 6992K, committed 7040K, reserved 1056768K
  class space    used 838K, capacity 880K, committed 896K, reserved 1048576K
}
Event: 2.496 GC heap before
{Heap before GC invocations=2 (full 0):
 PSYoungGen      total 13312K, used 13307K [0x00000000f1b80000, 0x00000000f2a00000, 0x0000000100000000)
  eden space 11776K, 100% used [0x00000000f1b80000,0x00000000f2700000,0x00000000f2700000)
  from space 1536K, 99% used [0x00000000f2700000,0x00000000f287ef68,0x00000000f2880000)
  to   space 1536K, 0% used [0x00000000f2880000,0x00000000f2880000,0x00000000f2a00000)
 ParOldGen       total 30208K, used 900K [0x00000000d5200000, 0x00000000d6f80000, 0x00000000f1b80000)
  object space 30208K, 2% used [0x00000000d5200000,0x00000000d52e1370,0x00000000d6f80000)
 Metaspace       used 9235K, capacity 9328K, committed 9472K, reserved 1056768K
  class space    used 1183K, capacity 1232K, committed 1280K, reserved 1048576K
Event: 2.509 GC heap after
Heap after GC invocations=2 (full 0):
 PSYoungGen      total 13312K, used 1536K [0x00000000f1b80000, 0x00000000f3580000, 0x0000000100000000)
  eden space 11776K, 0% used [0x00000000f1b80000,0x00000000f1b80000,0x00000000f2700000)
  from space 1536K, 100% used [0x00000000f2880000,0x00000000f2a00000,0x00000000f2a00000)
  to   space 1536K, 0% used [0x00000000f2700000,0x00000000f2700000,0x00000000f2880000)
 ParOldGen       total 30208K, used 2645K [0x00000000d5200000, 0x00000000d6f80000, 0x00000000f1b80000)
  object space 30208K, 8% used [0x00000000d5200000,0x00000000d54954e8,0x00000000d6f80000)
 Metaspace       used 9235K, capacity 9328K, committed 9472K, reserved 1056768K
  class space    used 1183K, capacity 1232K, committed 1280K, reserved 1048576K
}
Event: 3.321 GC heap before
{Heap before GC invocations=3 (full 0):
 PSYoungGen      total 13312K, used 13312K [0x00000000f1b80000, 0x00000000f3580000, 0x0000000100000000)
  eden space 11776K, 100% used [0x00000000f1b80000,0x00000000f2700000,0x00000000f2700000)
  from space 1536K, 100% used [0x00000000f2880000,0x00000000f2a00000,0x00000000f2a00000)
  to   space 1536K, 0% used [0x00000000f2700000,0x00000000f2700000,0x00000000f2880000)
 ParOldGen       total 30208K, used 2645K [0x00000000d5200000, 0x00000000d6f80000, 0x00000000f1b80000)
  object space 30208K, 8% used [0x00000000d5200000,0x00000000d54954e8,0x00000000d6f80000)
 Metaspace       used 12026K, capacity 12160K, committed 12416K, reserved 1060864K
  class space    used 1557K, capacity 1624K, committed 1664K, reserved 1048576K
Event: 3.366 GC heap after
Heap after GC invocations=3 (full 0):
 PSYoungGen      total 13312K, used 1504K [0x00000000f1b80000, 0x00000000f3580000, 0x0000000100000000)
  eden space 11776K, 0% used [0x00000000f1b80000,0x00000000f1b80000,0x00000000f2700000)
  from space 1536K, 97% used [0x00000000f2700000,0x00000000f2878020,0x00000000f2880000)
  to   space 1536K, 0% used [0x00000000f3400000,0x00000000f3400000,0x00000000f3580000)
 ParOldGen       total 30208K, used 5006K [0x00000000d5200000, 0x00000000d6f80000, 0x00000000f1b80000)
  object space 30208K, 16% used [0x00000000d5200000,0x00000000d56e3840,0x00000000d6f80000)
 Metaspace       used 12026K, capacity 12160K, committed 12416K, reserved 1060864K
  class space    used 1557K, capacity 1624K, committed 1664K, reserved 1048576K
}
Event: 456.087 GC heap before
{Heap before GC invocations=4 (full 0):
 PSYoungGen      total 13312K, used 13280K [0x00000000f1b80000, 0x00000000f3580000, 0x0000000100000000)
  eden space 11776K, 100% used [0x00000000f1b80000,0x00000000f2700000,0x00000000f2700000)
  from space 1536K, 97% used [0x00000000f2700000,0x00000000f2878020,0x00000000f2880000)
  to   space 1536K, 0% used [0x00000000f3400000,0x00000000f3400000,0x00000000f3580000)
 ParOldGen       total 30208K, used 5006K [0x00000000d5200000, 0x00000000d6f80000, 0x00000000f1b80000)
  object space 30208K, 16% used [0x00000000d5200000,0x00000000d56e3840,0x00000000d6f80000)
 Metaspace       used 14430K, capacity 14592K, committed 14720K, reserved 1062912K
  class space    used 1834K, capacity 1880K, committed 1920K, reserved 1048576K
Event: 456.101 GC heap after
Heap after GC invocations=4 (full 0):
 PSYoungGen      total 25088K, used 1536K [0x00000000f1b80000, 0x00000000f3580000, 0x0000000100000000)
  eden space 23552K, 0% used [0x00000000f1b80000,0x00000000f1b80000,0x00000000f3280000)
  from space 1536K, 100% used [0x00000000f3400000,0x00000000f3580000,0x00000000f3580000)
  to   space 1536K, 0% used [0x00000000f3280000,0x00000000f3280000,0x00000000f3400000)
 ParOldGen       total 30208K, used 7242K [0x00000000d5200000, 0x00000000d6f80000, 0x00000000f1b80000)
  object space 30208K, 23% used [0x00000000d5200000,0x00000000d5912868,0x00000000d6f80000)
 Metaspace       used 14430K, capacity 14592K, committed 14720K, reserved 1062912K
  class space    used 1834K, capacity 1880K, committed 1920K, reserved 1048576K
}
Event: 901.668 GC heap before
{Heap before GC invocations=5 (full 0):
 PSYoungGen      total 25088K, used 25088K [0x00000000f1b80000, 0x00000000f3580000, 0x0000000100000000)
  eden space 23552K, 100% used [0x00000000f1b80000,0x00000000f3280000,0x00000000f3280000)
  from space 1536K, 100% used [0x00000000f3400000,0x00000000f3580000,0x00000000f3580000)
  to   space 1536K, 0% used [0x00000000f3280000,0x00000000f3280000,0x00000000f3400000)
 ParOldGen       total 30208K, used 7242K [0x00000000d5200000, 0x00000000d6f80000, 0x00000000f1b80000)
  object space 30208K, 23% used [0x00000000d5200000,0x00000000d5912868,0x00000000d6f80000)
 Metaspace       used 15005K, capacity 15136K, committed 15232K, reserved 1062912K
  class space    used 1868K, capacity 1912K, committed 1920K, reserved 1048576K
Event: 901.677 GC heap after
Heap after GC invocations=5 (full 0):
 PSYoungGen      total 25088K, used 1520K [0x00000000f1b80000, 0x00000000f5380000, 0x0000000100000000)
  eden space 23552K, 0% used [0x00000000f1b80000,0x00000000f1b80000,0x00000000f3280000)
  from space 1536K, 98% used [0x00000000f3280000,0x00000000f33fc010,0x00000000f3400000)
  to   space 5120K, 0% used [0x00000000f4e80000,0x00000000f4e80000,0x00000000f5380000)
 ParOldGen       total 30208K, used 7521K [0x00000000d5200000, 0x00000000d6f80000, 0x00000000f1b80000)
  object space 30208K, 24% used [0x00000000d5200000,0x00000000d59584a0,0x00000000d6f80000)
 Metaspace       used 15005K, capacity 15136K, committed 15232K, reserved 1062912K
  class space    used 1868K, capacity 1912K, committed 1920K, reserved 1048576K
}

